<?xml version="1.0" encoding="UTF-8"?>
<testng-results skipped="0" failed="0" ignored="0" total="1" passed="1">
  <reporter-output>
  </reporter-output>
  <suite name="Default suite" duration-ms="1953" started-at="2021-12-03T07:42:09Z" finished-at="2021-12-03T07:42:11Z">
    <groups>
    </groups>
    <test name="Default test" duration-ms="1953" started-at="2021-12-03T07:42:09Z" finished-at="2021-12-03T07:42:11Z">
      <class name="restPhase3.PostRequest">
        <test-method status="PASS" signature="PostCall()[pri:0, instance:restPhase3.PostRequest@22eeefeb]" name="PostCall" duration-ms="1930" started-at="2021-12-03T07:42:09Z" finished-at="2021-12-03T07:42:11Z">
          <reporter-output>
          </reporter-output>
        </test-method> <!-- PostCall -->
      </class> <!-- restPhase3.PostRequest -->
    </test> <!-- Default test -->
  </suite> <!-- Default suite -->
</testng-results>
